[INFO] [2017-06-07 11:57:53][org.springframework.web.servlet.DispatcherServlet]FrameworkServlet 'movie': initialization started
 [INFO] [2017-06-07 11:57:53][org.springframework.web.context.support.XmlWebApplicationContext]Refreshing WebApplicationContext for namespace 'movie-servlet': startup date [Wed Jun 07 11:57:53 CST 2017]; root of context hierarchy
 [INFO] [2017-06-07 11:57:53][org.springframework.beans.factory.xml.XmlBeanDefinitionReader]Loading XML bean definitions from ServletContext resource [/WEB-INF/movie-servlet.xml]
 [INFO] [2017-06-07 11:57:55][org.springframework.context.support.PropertySourcesPlaceholderConfigurer]Loading properties file from class path resource [persistence-mysql.properties]
 [INFO] [2017-06-07 11:57:55][org.springframework.context.support.PropertySourcesPlaceholderConfigurer]Loading properties file from class path resource [cache-redis.properties]
 [INFO] [2017-06-07 11:57:55][org.springframework.beans.factory.annotation.AutowiredAnnotationBeanPostProcessor]JSR-330 'javax.inject.Inject' annotation found and supported for autowiring
 [INFO] [2017-06-07 11:57:55][org.springframework.jdbc.datasource.DriverManagerDataSource]Loaded JDBC driver: com.mysql.jdbc.Driver
 [INFO] [2017-06-07 11:57:55][org.springframework.orm.jpa.LocalContainerEntityManagerFactoryBean]Building JPA container EntityManagerFactory for persistence unit 'default'
 [INFO] [2017-06-07 11:57:55][org.hibernate.jpa.internal.util.LogHelper]HHH000204: Processing PersistenceUnitInfo [
	name: default
	...]
 [INFO] [2017-06-07 11:57:55][org.hibernate.Version]HHH000412: Hibernate Core {5.0.11.Final}
 [INFO] [2017-06-07 11:57:55][org.hibernate.cfg.Environment]HHH000206: hibernate.properties not found
 [INFO] [2017-06-07 11:57:55][org.hibernate.cfg.Environment]HHH000021: Bytecode provider name : javassist
 [INFO] [2017-06-07 11:57:55][org.hibernate.annotations.common.Version]HCANN000001: Hibernate Commons Annotations {5.0.1.Final}
 [INFO] [2017-06-07 11:57:56][org.hibernate.dialect.Dialect]HHH000400: Using dialect: org.hibernate.dialect.MySQL5Dialect
 [INFO] [2017-06-07 11:57:56][org.hibernate.tool.hbm2ddl.SchemaExport]HHH000227: Running hbm2ddl schema export
 [INFO] [2017-06-07 11:58:19][org.hibernate.tool.hbm2ddl.SchemaExport]HHH000230: Schema export complete
 [INFO] [2017-06-07 11:58:19][org.springframework.orm.jpa.LocalContainerEntityManagerFactoryBean]Initialized JPA EntityManagerFactory for persistence unit 'default'
 [INFO] [2017-06-07 11:58:19][org.hibernate.hql.internal.QueryTranslatorFactoryInitiator]HHH000397: Using ASTQueryTranslatorFactory
 [INFO] [2017-06-07 11:59:39][org.springframework.web.servlet.mvc.method.annotation.RequestMappingHandlerMapping]Mapped "{[/register],methods=[POST]}" onto public void systemanalysis.movieticket.web.controller.MainController.register(systemanalysis.movieticket.persistence.dto.UserDto,systemanalysis.movieticket.persistence.dto.InfoDto,java.lang.String[],javax.servlet.http.HttpSession,javax.servlet.http.HttpServletRequest,javax.servlet.http.HttpServletResponse) throws java.io.IOException
 [INFO] [2017-06-07 11:59:39][org.springframework.web.servlet.mvc.method.annotation.RequestMappingHandlerMapping]Mapped "{[/Login],methods=[POST]}" onto public void systemanalysis.movieticket.web.controller.MainController.Login(systemanalysis.movieticket.persistence.dto.UserDto,javax.servlet.http.HttpSession,javax.servlet.http.HttpServletRequest,javax.servlet.http.HttpServletResponse) throws java.io.IOException
 [INFO] [2017-06-07 11:59:39][org.springframework.web.servlet.mvc.method.annotation.RequestMappingHandlerMapping]Mapped "{[/],methods=[GET]}" onto public java.lang.String systemanalysis.movieticket.web.controller.MainController.home()
 [INFO] [2017-06-07 11:59:39][org.springframework.web.servlet.mvc.method.annotation.RequestMappingHandlerMapping]Mapped "{[/checkemail],methods=[POST]}" onto public void systemanalysis.movieticket.web.controller.MainController.checkemail(java.lang.String,javax.servlet.http.HttpServletRequest,javax.servlet.http.HttpServletResponse) throws java.io.IOException
 [INFO] [2017-06-07 11:59:39][org.springframework.web.servlet.mvc.method.annotation.RequestMappingHandlerMapping]Mapped "{[/logout],methods=[GET]}" onto public void systemanalysis.movieticket.web.controller.MainController.Logout(javax.servlet.http.HttpSession,javax.servlet.http.HttpServletRequest,javax.servlet.http.HttpServletResponse)
 [INFO] [2017-06-07 11:59:39][org.springframework.web.servlet.mvc.method.annotation.RequestMappingHandlerMapping]Mapped "{[/movie/cinema],methods=[GET]}" onto public java.util.List<systemanalysis.movieticket.persistence.dto.IdNameDto> systemanalysis.movieticket.web.controller.MovieController.cinema(java.lang.Integer,javax.servlet.http.HttpServletResponse) throws java.io.IOException
 [INFO] [2017-06-07 11:59:39][org.springframework.web.servlet.mvc.method.annotation.RequestMappingHandlerMapping]Mapped "{[/movie/film],methods=[GET]}" onto public java.util.List<systemanalysis.movieticket.persistence.dto.IdNameDto> systemanalysis.movieticket.web.controller.MovieController.film(javax.servlet.http.HttpServletResponse,java.lang.Integer,java.lang.Integer,java.lang.Integer) throws java.io.IOException
 [INFO] [2017-06-07 11:59:39][org.springframework.web.servlet.mvc.method.annotation.RequestMappingHandlerMapping]Mapped "{[/movie/seat/{playlistid}],methods=[GET]}" onto public java.util.List<systemanalysis.movieticket.persistence.dto.SeatDto> systemanalysis.movieticket.web.controller.MovieController.getseats(javax.servlet.http.HttpServletResponse,int) throws java.io.IOException
 [INFO] [2017-06-07 11:59:39][org.springframework.web.servlet.mvc.method.annotation.RequestMappingHandlerMapping]Mapped "{[/movie/cinema/{cinemaid}],methods=[GET]}" onto public java.util.List<systemanalysis.movieticket.persistence.dto.pFilmDto> systemanalysis.movieticket.web.controller.MovieController.cinemadetail(javax.servlet.http.HttpServletResponse,int,int) throws java.io.IOException
 [INFO] [2017-06-07 11:59:39][org.springframework.web.servlet.mvc.method.annotation.RequestMappingHandlerMapping]Mapped "{[/movie/],methods=[GET]}" onto public java.util.List<systemanalysis.movieticket.persistence.dto.IdNameDto> systemanalysis.movieticket.web.controller.MovieController.Showing(javax.servlet.http.HttpServletResponse) throws java.io.IOException
 [INFO] [2017-06-07 11:59:39][org.springframework.web.servlet.mvc.method.annotation.RequestMappingHandlerMapping]Mapped "{[/movie/film/{filmid}/{cinemaid}/{date}],methods=[GET]}" onto public java.util.List<systemanalysis.movieticket.persistence.dto.PlayListDto> systemanalysis.movieticket.web.controller.MovieController.playlist(javax.servlet.http.HttpServletResponse,int,int,int) throws java.io.IOException
 [INFO] [2017-06-07 11:59:39][org.springframework.web.servlet.mvc.method.annotation.RequestMappingHandlerMapping]Mapped "{[/movie/film/{filmid}],methods=[GET]}" onto public java.util.List<systemanalysis.movieticket.persistence.dto.IdNameDto> systemanalysis.movieticket.web.controller.MovieController.getCinemawithfilm(javax.servlet.http.HttpServletResponse,java.lang.Integer,int) throws java.io.IOException
 [INFO] [2017-06-07 11:59:39][org.springframework.web.servlet.mvc.method.annotation.RequestMappingHandlerMapping]Mapped "{[/user/],methods=[GET]}" onto public void systemanalysis.movieticket.web.controller.UserController.check(javax.servlet.http.HttpSession,javax.servlet.http.HttpServletResponse)
 [INFO] [2017-06-07 11:59:39][org.springframework.web.servlet.mvc.method.annotation.RequestMappingHandlerMapping]Mapped "{[/user/getorderforms/{formid}],methods=[GET]}" onto public systemanalysis.movieticket.persistence.dto.OrderFormDetailDto systemanalysis.movieticket.web.controller.UserController.formdetail(int,javax.servlet.http.HttpServletResponse,javax.servlet.http.HttpSession) throws java.io.IOException
 [INFO] [2017-06-07 11:59:39][org.springframework.web.servlet.mvc.method.annotation.RequestMappingHandlerMapping]Mapped "{[/user/modifypassword],methods=[POST]}" onto public void systemanalysis.movieticket.web.controller.UserController.modifypassword(java.lang.String,javax.servlet.http.HttpSession)
 [INFO] [2017-06-07 11:59:39][org.springframework.web.servlet.mvc.method.annotation.RequestMappingHandlerMapping]Mapped "{[/user/addorderform],methods=[POST]}" onto public void systemanalysis.movieticket.web.controller.UserController.addOrderForm(int,int[],javax.servlet.http.HttpSession,javax.servlet.http.HttpServletResponse)
 [INFO] [2017-06-07 11:59:39][org.springframework.web.servlet.mvc.method.annotation.RequestMappingHandlerMapping]Mapped "{[/user/getinfo],methods=[GET]}" onto public systemanalysis.movieticket.persistence.dto.UserDetailDto systemanalysis.movieticket.web.controller.UserController.userinfo(javax.servlet.http.HttpSession,javax.servlet.http.HttpServletRequest,javax.servlet.http.HttpServletResponse) throws java.io.IOException
 [INFO] [2017-06-07 11:59:39][org.springframework.web.servlet.mvc.method.annotation.RequestMappingHandlerMapping]Mapped "{[/user/deleteorderform],methods=[POST]}" onto public void systemanalysis.movieticket.web.controller.UserController.deleteOrderForm(int,javax.servlet.http.HttpSession)
 [INFO] [2017-06-07 11:59:39][org.springframework.web.servlet.mvc.method.annotation.RequestMappingHandlerMapping]Mapped "{[/user/modifyuser],methods=[POST]}" onto public void systemanalysis.movieticket.web.controller.UserController.modifyuser(java.lang.String,java.lang.String,java.lang.String[],javax.servlet.http.HttpSession,javax.servlet.http.HttpServletRequest,javax.servlet.http.HttpServletResponse)
 [INFO] [2017-06-07 11:59:39][org.springframework.web.servlet.mvc.method.annotation.RequestMappingHandlerMapping]Mapped "{[/user/getpreference],methods=[GET]}" onto public void systemanalysis.movieticket.web.controller.UserController.userpreference(javax.servlet.http.HttpSession,javax.servlet.http.HttpServletRequest,javax.servlet.http.HttpServletResponse) throws java.io.IOException
 [INFO] [2017-06-07 11:59:39][org.springframework.web.servlet.mvc.method.annotation.RequestMappingHandlerMapping]Mapped "{[/user/getorderforms],methods=[GET]}" onto public java.util.List<systemanalysis.movieticket.persistence.dto.OrderFormDetailDto> systemanalysis.movieticket.web.controller.UserController.getOrderForms(javax.servlet.http.HttpSession,javax.servlet.http.HttpServletResponse) throws java.io.IOException
 [INFO] [2017-06-07 11:59:39][org.springframework.web.servlet.mvc.method.annotation.RequestMappingHandlerMapping]Mapped "{[/user/getnickname],methods=[GET]}" onto public void systemanalysis.movieticket.web.controller.UserController.getnickname(javax.servlet.http.HttpSession,javax.servlet.http.HttpServletRequest,javax.servlet.http.HttpServletResponse) throws java.io.IOException
 [INFO] [2017-06-07 11:59:39][org.springframework.web.servlet.mvc.method.annotation.RequestMappingHandlerMapping]Mapped "{[/v2/api-docs],methods=[GET],produces=[application/json || application/hal+json]}" onto public org.springframework.http.ResponseEntity<springfox.documentation.spring.web.json.Json> springfox.documentation.swagger2.web.Swagger2Controller.getDocumentation(java.lang.String,javax.servlet.http.HttpServletRequest)
 [INFO] [2017-06-07 11:59:39][org.springframework.web.servlet.mvc.method.annotation.RequestMappingHandlerMapping]Mapped "{[/swagger-resources]}" onto org.springframework.http.ResponseEntity<java.util.List<springfox.documentation.swagger.web.SwaggerResource>> springfox.documentation.swagger.web.ApiResourceController.swaggerResources()
 [INFO] [2017-06-07 11:59:39][org.springframework.web.servlet.mvc.method.annotation.RequestMappingHandlerMapping]Mapped "{[/swagger-resources/configuration/ui]}" onto org.springframework.http.ResponseEntity<springfox.documentation.swagger.web.UiConfiguration> springfox.documentation.swagger.web.ApiResourceController.uiConfiguration()
 [INFO] [2017-06-07 11:59:39][org.springframework.web.servlet.mvc.method.annotation.RequestMappingHandlerMapping]Mapped "{[/swagger-resources/configuration/security]}" onto org.springframework.http.ResponseEntity<springfox.documentation.swagger.web.SecurityConfiguration> springfox.documentation.swagger.web.ApiResourceController.securityConfiguration()
 [INFO] [2017-06-07 11:59:40][org.springframework.web.servlet.mvc.method.annotation.RequestMappingHandlerAdapter]Looking for @ControllerAdvice: WebApplicationContext for namespace 'movie-servlet': startup date [Wed Jun 07 11:57:53 CST 2017]; root of context hierarchy
 [INFO] [2017-06-07 11:59:40][org.springframework.web.servlet.mvc.method.annotation.RequestMappingHandlerAdapter]Looking for @ControllerAdvice: WebApplicationContext for namespace 'movie-servlet': startup date [Wed Jun 07 11:57:53 CST 2017]; root of context hierarchy
 [INFO] [2017-06-07 11:59:40][org.springframework.web.servlet.handler.SimpleUrlHandlerMapping]Mapped URL path [/**] onto handler 'org.springframework.web.servlet.resource.DefaultServletHttpRequestHandler#0'
 [INFO] [2017-06-07 11:59:40][org.springframework.web.servlet.handler.SimpleUrlHandlerMapping]Mapped URL path [/static/css/**] onto handler 'org.springframework.web.servlet.resource.ResourceHttpRequestHandler#0'
 [INFO] [2017-06-07 11:59:40][org.springframework.web.servlet.handler.SimpleUrlHandlerMapping]Mapped URL path [/static/img/**] onto handler 'org.springframework.web.servlet.resource.ResourceHttpRequestHandler#1'
 [INFO] [2017-06-07 11:59:40][org.springframework.web.servlet.handler.SimpleUrlHandlerMapping]Mapped URL path [/static/js/**] onto handler 'org.springframework.web.servlet.resource.ResourceHttpRequestHandler#2'
 [INFO] [2017-06-07 11:59:40][org.springframework.context.support.DefaultLifecycleProcessor]Starting beans in phase 2147483647
 [INFO] [2017-06-07 11:59:40][org.springframework.web.servlet.DispatcherServlet]FrameworkServlet 'movie': initialization completed in 107309 ms
 